<?xml version="1.0" encoding="UTF-8" standalone="yes" ?>
<test-results name="E:\code\GIT\ISO639_1\Delphi\Win32\Debug\ISO639_Unit_Tests.exe" total="15" errors="0" failures="0" ignored="0" inconclusive="0" not-run="0" skipped="0" invalid="0" date="2020-03-03" time="2.046">
  <culture-info current-culture="en" current-uiculture="en" />
  <test-suite type="Assembly" name="ISO639_Unit_Tests.exe" executed="true" result="Success" success="True" time="2.046" asserts="0">
    <results>
        <test-suite type="Namespace" name="Turrican_ISO639_1_Tests" executed="true" result="Success" success="True" time="2.046" asserts="0" >
          <results>
              <test-suite type="Fixture" name="TTurricanISO639_Tests" executed="True" result="Success" success="True" time="2.046" >
                <results>
                  <test-case name="ShouldServiceInstanced" executed="True" result="Success" success="True" time="0.000" asserts="0" />
                  <test-case name="ShouldRaiseExceptionWhenIncorrectIsoCode" executed="True" result="Success" success="True" time="1.343" asserts="0" />
                  <test-case name="ShouldRaiseExceptionWhenIncorrectNameCode" executed="True" result="Success" success="True" time="0.701" asserts="0" />
                  <test-case name="ShouldReturnValidNames.TestA" executed="True" result="Success" success="True" time="0.000" asserts="0" />
                  <test-case name="ShouldReturnValidNames.TestB" executed="True" result="Success" success="True" time="0.000" asserts="0" />
                  <test-case name="ShouldReturnValidNames.TestC" executed="True" result="Success" success="True" time="0.000" asserts="0" />
                  <test-case name="ShouldReturnValidCodes.TestA" executed="True" result="Success" success="True" time="0.000" asserts="0" />
                  <test-case name="ShouldReturnValidCodes.TestB" executed="True" result="Success" success="True" time="0.000" asserts="0" />
                  <test-case name="ShouldReturnValidCodes.TestC" executed="True" result="Success" success="True" time="0.000" asserts="0" />
                  <test-case name="ShouldReturnInvalidCodes.TestA" executed="True" result="Success" success="True" time="0.000" asserts="0" />
                  <test-case name="ShouldReturnInvalidCodes.TestB" executed="True" result="Success" success="True" time="0.000" asserts="0" />
                  <test-case name="ShouldReturnInvalidCodes.TestC" executed="True" result="Success" success="True" time="0.000" asserts="0" />
                  <test-case name="ShouldReturnInvalidNames.TestA" executed="True" result="Success" success="True" time="0.000" asserts="0" />
                  <test-case name="ShouldReturnInvalidNames.TestB" executed="True" result="Success" success="True" time="0.000" asserts="0" />
                  <test-case name="ShouldReturnInvalidNames.TestC" executed="True" result="Success" success="True" time="0.000" asserts="0" />
                </results>
              </test-suite>
          </results>
        </test-suite>
    </results>
  </test-suite>
</test-results>
